<?xml version="1.0" encoding="UTF-8"?>
<testsuite xmlns:xsi="http://www.w3.org/2001/XMLSchema-instance" xsi:noNamespaceSchemaLocation="https://maven.apache.org/surefire/maven-surefire-plugin/xsd/surefire-test-report.xsd" version="3.0.1" name="com.example.nonogramsolver.model.CellTest" time="0.136" tests="13" errors="0" skipped="0" failures="0">
  <properties>
    <property name="java.specification.version" value="24"/>
    <property name="sun.jnu.encoding" value="UTF-8"/>
    <property name="java.class.path" value="/home/ben/Documents/java/nonogramSolver/nonogramSolver/target/test-classes:/home/ben/Documents/java/nonogramSolver/nonogramSolver/target/classes:/home/ben/.m2/repository/org/junit/jupiter/junit-jupiter-api/5.11.0/junit-jupiter-api-5.11.0.jar:/home/ben/.m2/repository/org/opentest4j/opentest4j/1.3.0/opentest4j-1.3.0.jar:/home/ben/.m2/repository/org/junit/platform/junit-platform-commons/1.11.0/junit-platform-commons-1.11.0.jar:/home/ben/.m2/repository/org/apiguardian/apiguardian-api/1.1.2/apiguardian-api-1.1.2.jar:/home/ben/.m2/repository/org/junit/jupiter/junit-jupiter-params/5.11.0/junit-jupiter-params-5.11.0.jar:"/>
    <property name="java.vm.vendor" value="Arch Linux"/>
    <property name="sun.arch.data.model" value="64"/>
    <property name="java.vendor.url" value="https://openjdk.org/"/>
    <property name="os.name" value="Linux"/>
    <property name="java.vm.specification.version" value="24"/>
    <property name="sun.java.launcher" value="SUN_STANDARD"/>
    <property name="user.country" value="GB"/>
    <property name="sun.boot.library.path" value="/usr/lib/jvm/java-24-openjdk/lib"/>
    <property name="sun.java.command" value="/home/ben/Documents/java/nonogramSolver/nonogramSolver/target/surefire/surefirebooter-20250912215912357_3.jar /home/ben/Documents/java/nonogramSolver/nonogramSolver/target/surefire 2025-09-12T21-59-12_239-jvmRun1 surefire-20250912215912357_1tmp surefire_0-20250912215912357_2tmp"/>
    <property name="jdk.debug" value="release"/>
    <property name="test" value="CellTest"/>
    <property name="surefire.test.class.path" value="/home/ben/Documents/java/nonogramSolver/nonogramSolver/target/test-classes:/home/ben/Documents/java/nonogramSolver/nonogramSolver/target/classes:/home/ben/.m2/repository/org/junit/jupiter/junit-jupiter-api/5.11.0/junit-jupiter-api-5.11.0.jar:/home/ben/.m2/repository/org/opentest4j/opentest4j/1.3.0/opentest4j-1.3.0.jar:/home/ben/.m2/repository/org/junit/platform/junit-platform-commons/1.11.0/junit-platform-commons-1.11.0.jar:/home/ben/.m2/repository/org/apiguardian/apiguardian-api/1.1.2/apiguardian-api-1.1.2.jar:/home/ben/.m2/repository/org/junit/jupiter/junit-jupiter-params/5.11.0/junit-jupiter-params-5.11.0.jar:"/>
    <property name="sun.cpu.endian" value="little"/>
    <property name="user.home" value="/home/ben"/>
    <property name="user.language" value="en"/>
    <property name="java.specification.vendor" value="Oracle Corporation"/>
    <property name="java.version.date" value="2025-07-15"/>
    <property name="java.home" value="/usr/lib/jvm/java-24-openjdk"/>
    <property name="file.separator" value="/"/>
    <property name="basedir" value="/home/ben/Documents/java/nonogramSolver/nonogramSolver"/>
    <property name="java.vm.compressedOopsMode" value="Zero based"/>
    <property name="line.separator" value="&#10;"/>
    <property name="java.specification.name" value="Java Platform API Specification"/>
    <property name="java.vm.specification.vendor" value="Oracle Corporation"/>
    <property name="surefire.real.class.path" value="/home/ben/Documents/java/nonogramSolver/nonogramSolver/target/surefire/surefirebooter-20250912215912357_3.jar"/>
    <property name="sun.management.compiler" value="HotSpot 64-Bit Tiered Compilers"/>
    <property name="java.runtime.version" value="24.0.2"/>
    <property name="user.name" value="ben"/>
    <property name="stdout.encoding" value="UTF-8"/>
    <property name="path.separator" value=":"/>
    <property name="os.version" value="6.16.5-arch1-1"/>
    <property name="java.runtime.name" value="OpenJDK Runtime Environment"/>
    <property name="file.encoding" value="UTF-8"/>
    <property name="java.vm.name" value="OpenJDK 64-Bit Server VM"/>
    <property name="localRepository" value="/home/ben/.m2/repository"/>
    <property name="java.vendor.url.bug" value="https://bugreport.java.com/bugreport/"/>
    <property name="java.io.tmpdir" value="/tmp"/>
    <property name="java.version" value="24.0.2"/>
    <property name="user.dir" value="/home/ben/Documents/java/nonogramSolver/nonogramSolver"/>
    <property name="os.arch" value="amd64"/>
    <property name="java.vm.specification.name" value="Java Virtual Machine Specification"/>
    <property name="native.encoding" value="UTF-8"/>
    <property name="java.library.path" value="/usr/java/packages/lib:/usr/lib64:/lib64:/lib:/usr/lib"/>
    <property name="java.vm.info" value="mixed mode, sharing"/>
    <property name="stderr.encoding" value="UTF-8"/>
    <property name="java.vendor" value="Arch Linux"/>
    <property name="java.vm.version" value="24.0.2"/>
    <property name="sun.io.unicode.encoding" value="UnicodeLittle"/>
    <property name="java.class.version" value="68.0"/>
  </properties>
  <testcase name="testSetCellToEmpty" classname="com.example.nonogramsolver.model.CellTest" time="0.027"/>
  <testcase name="testGetCellForAllStates" classname="com.example.nonogramsolver.model.CellTest" time="0.002"/>
  <testcase name="testSetCellCaseInsensitive" classname="com.example.nonogramsolver.model.CellTest" time="0.001"/>
  <testcase name="testGetCellForUncertainState" classname="com.example.nonogramsolver.model.CellTest" time="0.001"/>
  <testcase name="testSetCellWithNullInput" classname="com.example.nonogramsolver.model.CellTest" time="0.002"/>
  <testcase name="testSetCellToUncertainForInvalidInputs(String)[1]" classname="com.example.nonogramsolver.model.CellTest" time="0.009"/>
  <testcase name="testSetCellToUncertainForInvalidInputs(String)[2]" classname="com.example.nonogramsolver.model.CellTest" time="0.002"/>
  <testcase name="testSetCellToUncertainForInvalidInputs(String)[3]" classname="com.example.nonogramsolver.model.CellTest" time="0.001"/>
  <testcase name="testSetCellToUncertainForInvalidInputs(String)[4]" classname="com.example.nonogramsolver.model.CellTest" time="0.002"/>
  <testcase name="testSetCellToUncertainForInvalidInputs(String)[5]" classname="com.example.nonogramsolver.model.CellTest" time="0.003"/>
  <testcase name="testSetCellToFilled" classname="com.example.nonogramsolver.model.CellTest" time="0.002"/>
  <testcase name="testStateTransitions" classname="com.example.nonogramsolver.model.CellTest" time="0.004"/>
  <testcase name="testDefaultConstructor" classname="com.example.nonogramsolver.model.CellTest" time="0.002"/>
</testsuite>